IQ-TREE multicore version 1.6.10 for Linux 64-bit built Feb 19 2019
Developed by Bui Quang Minh, Nguyen Lam Tung, Olga Chernomor,
Heiko Schmidt, Dominik Schrempf, Michael Woodhams.

Host:    monolit (AVX512, FMA3, 62 GB RAM)
Command: iqtree -s cyp6_UGS_cyp6.alig_loc.fasta -nt 4 -m TEST+ASC -mset GTR -pre iqr_corehap -bb 1000 -nm 10000 -cptime 3600
Seed:    526842 (Using SPRNG - Scalable Parallel Random Number Generator)
Time:    Wed Sep 25 14:48:47 2019
Kernel:  AVX+FMA - 4 threads (12 CPU cores detected)

Reading alignment file cyp6_UGS_cyp6.alig_loc.fasta ... Fasta format detected
Alignment most likely contains DNA/RNA sequences
Alignment has 206 sequences with 621 columns, 506 distinct patterns
621 parsimony-informative, 0 singleton sites, 0 constant sites
                                               Gap/Ambiguity  Composition  p-value
   1  AC0090-Ca_UGS_gt1_zzb2_dup0_indel2_clu0_tag1     0.00%    passed     99.95%
   2  AC0090-Cb_UGS_gt1_zzb2_dup0_indel2_clu0_tag1     0.00%    passed     99.95%
   3  AC0091-Ca_UGS_gt1_zzb2_dup0_indel2_clu0_tag1     0.00%    passed     99.95%
   4  AC0091-Cb_UGS_gt1_zzb2_dup0_indel2_clu0_tag1     0.00%    passed     99.95%
   5  AC0092-Ca_UGS_gt1_zzb2_dup2_indel2_clu0_tag1     0.00%    passed     99.95%
   6  AC0092-Cb_UGS_gt1_zzb2_dup2_indel2_clu0_tag1     0.00%    passed     99.95%
   7  AC0093-Ca_UGS_gt1_zzb1_dup1_indel1_clu0_tag1     0.00%    passed     99.95%
   8  AC0093-Cb_UGS_gt0_zzb1_dup1_indel1_clu1_tag0     0.00%    passed     99.16%
   9  AC0094-Ca_UGS_gt0_zzb1_dup0_indel1_clu1_tag0     0.00%    passed     99.16%
  10  AC0094-Cb_UGS_gt1_zzb1_dup0_indel1_clu0_tag1     0.00%    passed     99.95%
  11  AC0095-Ca_UGS_gt1_zzb2_dup2_indel2_clu0_tag1     0.00%    passed     99.95%
  12  AC0095-Cb_UGS_gt1_zzb2_dup2_indel2_clu0_tag1     0.00%    passed     99.95%
  13  AC0096-Ca_UGS_gt0_zzb1_dup0_indel1_clu1_tag0     0.00%    passed     99.16%
  14  AC0096-Cb_UGS_gt1_zzb1_dup0_indel1_clu0_tag1     0.00%    passed     99.95%
  15  AC0097-Ca_UGS_gt1_zzb1_dup1_indel1_clu0_tag1     0.00%    passed     99.95%
  16  AC0097-Cb_UGS_gt0_zzb1_dup1_indel1_clu2_tag0     0.00%    passed     86.93%
  17  AC0098-Ca_UGS_gt1_zzb2_dup1_indel2_clu0_tag1     0.00%    passed     99.95%
  18  AC0098-Cb_UGS_gt1_zzb2_dup1_indel2_clu0_tag1     0.00%    passed     99.97%
  19  AC0099-Ca_UGS_gt1_zzb2_dup0_indel2_clu3_tag1     0.00%    passed     99.95%
  20  AC0099-Cb_UGS_gt1_zzb2_dup0_indel2_clu4_tag1     0.00%    passed     99.95%
  21  AC0100-Ca_UGS_gt1_zzb2_dup1_indel2_clu0_tag1     0.00%    passed     99.95%
  22  AC0100-Cb_UGS_gt1_zzb2_dup1_indel2_clu0_tag1     0.00%    passed     99.95%
  23  AC0101-Ca_UGS_gt0_zzb1_dup0_indel1_clu1_tag0     0.00%    passed     99.16%
  24  AC0101-Cb_UGS_gt1_zzb1_dup0_indel1_clu0_tag1     0.00%    passed     99.95%
  25  AC0102-Ca_UGS_gt0_zzb1_dup1_indel1_clu1_tag0     0.00%    passed     99.16%
  26  AC0102-Cb_UGS_gt1_zzb1_dup1_indel1_clu0_tag1     0.00%    passed     99.95%
  27  AC0103-Ca_UGS_gt1_zzb2_dup1_indel2_clu0_tag1     0.00%    passed     99.95%
  28  AC0103-Cb_UGS_gt1_zzb2_dup1_indel2_clu0_tag1     0.00%    passed     99.95%
  29  AC0104-Ca_UGS_gt0_zzb1_dup1_indel1_clu5_tag0     0.00%    passed     95.30%
  30  AC0104-Cb_UGS_gt1_zzb1_dup1_indel1_clu0_tag1     0.00%    passed     99.95%
  31  AC0106-Ca_UGS_gt1_zzb1_dup0_indel1_clu0_tag1     0.00%    passed     99.95%
  32  AC0106-Cb_UGS_gt0_zzb1_dup0_indel1_clu1_tag0     0.00%    passed     99.16%
  33  AC0107-Ca_UGS_gt0_zzb1_dup0_indel1_clu1_tag0     0.00%    passed     99.16%
  34  AC0107-Cb_UGS_gt1_zzb1_dup0_indel1_clu0_tag1     0.00%    passed     99.95%
  35  AC0108-Ca_UGS_gt1_zzb2_dup1_indel2_clu6_tag1     0.00%    passed     74.15%
  36  AC0108-Cb_UGS_gt1_zzb2_dup1_indel2_clu0_tag1     0.00%    passed     99.95%
  37  AC0109-Ca_UGS_gt0_zzb0_dup0_indel0_clu7_tag0     0.00%    passed     52.14%
  38  AC0109-Cb_UGS_gt0_zzb0_dup0_indel0_clu1_tag0     0.00%    passed     99.16%
  39  AC0110-Ca_UGS_gt1_zzb2_dup1_indel2_clu0_tag1     0.00%    passed     99.95%
  40  AC0110-Cb_UGS_gt1_zzb2_dup1_indel2_clu0_tag1     0.00%    passed     99.95%
  41  AC0111-Ca_UGS_gt1_zzb1_dup1_indel1_clu0_tag1     0.00%    passed     99.95%
  42  AC0111-Cb_UGS_gt0_zzb1_dup1_indel1_clu1_tag0     0.00%    passed     99.16%
  43  AC0112-Ca_UGS_gt1_zzb1_dup0_indel1_clu0_tag1     0.00%    passed     99.95%
  44  AC0112-Cb_UGS_gt0_zzb1_dup0_indel1_clu8_tag0     0.00%    passed     93.40%
  45  AC0113-Ca_UGS_gt1_zzb1_dup1_indel1_clu0_tag1     0.00%    passed     99.95%
  46  AC0113-Cb_UGS_gt0_zzb1_dup1_indel1_clu9_tag0     0.00%    passed     43.24%
  47  AC0114-Ca_UGS_gt0_zzb1_dup1_indel1_clu10_tag0    0.00%    passed     55.94%
  48  AC0114-Cb_UGS_gt1_zzb1_dup1_indel1_clu0_tag1     0.00%    passed     99.95%
  49  AC0115-Ca_UGS_gt0_zzb1_dup0_indel1_clu11_tag0    0.00%    passed     54.91%
  50  AC0115-Cb_UGS_gt1_zzb1_dup0_indel1_clu0_tag1     0.00%    passed     99.95%
  51  AC0116-Ca_UGS_gt1_zzb1_dup0_indel1_clu12_tag1    0.00%    passed     97.32%
  52  AC0116-Cb_UGS_gt0_zzb1_dup0_indel1_clu13_tag0    0.00%    passed     99.16%
  53  AC0117-Ca_UGS_gt0_zzb1_dup0_indel1_clu14_tag1    0.00%    passed     97.96%
  54  AC0117-Cb_UGS_gt0_zzb1_dup0_indel1_clu15_tag0    0.00%    passed     10.67%
  55  AC0118-Ca_UGS_gt1_zzb1_dup1_indel1_clu0_tag1     0.00%    passed     99.95%
  56  AC0118-Cb_UGS_gt0_zzb1_dup1_indel1_clu1_tag0     0.00%    passed     98.21%
  57  AC0119-Ca_UGS_gt0_zzb1_dup0_indel1_clu16_tag0    0.00%    passed     68.94%
  58  AC0119-Cb_UGS_gt1_zzb1_dup0_indel1_clu0_tag1     0.00%    passed     99.95%
  59  AC0120-Ca_UGS_gt1_zzb1_dup1_indel1_clu17_tag1    0.00%    passed     99.95%
  60  AC0120-Cb_UGS_gt0_zzb1_dup1_indel1_clu18_tag0    0.00%    passed     95.30%
  61  AC0121-Ca_UGS_gt1_zzb2_dup0_indel2_clu19_tag1    0.00%    passed     99.95%
  62  AC0121-Cb_UGS_gt1_zzb2_dup0_indel2_clu0_tag1     0.00%    passed     99.95%
  63  AC0122-Ca_UGS_gt0_zzb1_dup0_indel1_clu1_tag0     0.00%    passed     99.16%
  64  AC0122-Cb_UGS_gt1_zzb1_dup0_indel1_clu20_tag1    0.00%    passed     83.86%
  65  AC0123-Ca_UGS_gt0_zzb1_dup0_indel1_clu1_tag0     0.00%    passed     99.16%
  66  AC0123-Cb_UGS_gt1_zzb1_dup0_indel1_clu19_tag1    0.00%    passed     99.95%
  67  AC0124-Ca_UGS_gt0_zzb1_dup1_indel1_clu1_tag0     0.00%    passed     99.16%
  68  AC0124-Cb_UGS_gt1_zzb1_dup1_indel1_clu0_tag1     0.00%    passed     99.95%
  69  AC0125-Ca_UGS_gt1_zzb2_dup2_indel2_clu0_tag1     0.00%    passed     99.95%
  70  AC0125-Cb_UGS_gt1_zzb2_dup2_indel2_clu0_tag1     0.00%    passed     99.95%
  71  AC0126-Ca_UGS_gt1_zzb2_dup1_indel2_clu0_tag1     0.00%    passed     99.95%
  72  AC0126-Cb_UGS_gt1_zzb2_dup1_indel2_clu0_tag1     0.00%    passed     99.95%
  73  AC0127-Ca_UGS_gt0_zzb0_dup0_indel0_clu1_tag0     0.00%    passed     99.16%
  74  AC0127-Cb_UGS_gt0_zzb0_dup0_indel0_clu21_tag0    0.00%    passed     48.67%
  75  AC0128-Ca_UGS_gt1_zzb2_dup0_indel2_clu22_tag1    0.00%    passed     99.95%
  76  AC0128-Cb_UGS_gt1_zzb2_dup0_indel2_clu0_tag1     0.00%    passed     99.95%
  77  AC0129-Ca_UGS_gt1_zzb1_dup1_indel1_clu0_tag1     0.00%    passed     99.95%
  78  AC0129-Cb_UGS_gt0_zzb1_dup1_indel1_clu1_tag0     0.00%    passed     99.16%
  79  AC0130-Ca_UGS_gt0_zzb0_dup0_indel0_clu1_tag0     0.00%    passed     99.16%
  80  AC0130-Cb_UGS_gt0_zzb0_dup0_indel0_clu23_tag0    0.00%    passed     86.26%
  81  AC0131-Ca_UGS_gt0_zzb1_dup0_indel1_clu1_tag0     0.00%    passed     99.16%
  82  AC0131-Cb_UGS_gt1_zzb1_dup0_indel1_clu0_tag1     0.00%    passed     99.95%
  83  AC0132-Ca_UGS_gt0_zzb1_dup1_indel1_clu1_tag0     0.00%    passed     99.16%
  84  AC0132-Cb_UGS_gt1_zzb1_dup1_indel1_clu0_tag1     0.00%    passed     99.95%
  85  AC0133-Ca_UGS_gt1_zzb1_dup0_indel1_clu0_tag1     0.00%    passed     99.95%
  86  AC0133-Cb_UGS_gt0_zzb1_dup0_indel1_clu8_tag0     0.00%    passed     93.40%
  87  AC0135-Ca_UGS_gt1_zzb1_dup1_indel1_clu0_tag1     0.00%    passed     99.95%
  88  AC0135-Cb_UGS_gt0_zzb1_dup1_indel1_clu24_tag0    0.00%    passed     42.99%
  89  AC0136-Ca_UGS_gt1_zzb2_dup1_indel2_clu0_tag1     0.00%    passed     99.95%
  90  AC0136-Cb_UGS_gt1_zzb2_dup1_indel2_clu0_tag1     0.00%    passed     99.95%
  91  AC0137-Ca_UGS_gt0_zzb1_dup0_indel1_clu25_tag0    0.00%    passed     90.68%
  92  AC0137-Cb_UGS_gt1_zzb1_dup0_indel1_clu26_tag1    0.00%    passed     64.85%
  93  AC0138-Ca_UGS_gt1_zzb2_dup1_indel2_clu0_tag1     0.00%    passed     99.95%
  94  AC0138-Cb_UGS_gt1_zzb2_dup1_indel2_clu0_tag1     0.00%    passed     99.95%
  95  AC0139-Ca_UGS_gt1_zzb2_dup1_indel2_clu0_tag1     0.00%    passed     99.95%
  96  AC0139-Cb_UGS_gt1_zzb2_dup1_indel2_clu0_tag1     0.00%    passed     99.95%
  97  AC0140-Ca_UGS_gt0_zzb1_dup2_indel1_clu1_tag0     0.00%    passed     99.16%
  98  AC0140-Cb_UGS_gt1_zzb1_dup2_indel1_clu0_tag1     0.00%    passed     99.83%
  99  AC0142-Ca_UGS_gt1_zzb2_dup1_indel2_clu0_tag1     0.00%    passed     99.95%
 100  AC0142-Cb_UGS_gt1_zzb2_dup1_indel2_clu0_tag1     0.00%    passed     99.95%
 101  AC0143-Ca_UGS_gt1_zzb2_dup1_indel2_clu0_tag1     0.00%    passed     99.95%
 102  AC0143-Cb_UGS_gt1_zzb2_dup1_indel2_clu0_tag1     0.00%    passed     99.95%
 103  AC0144-Ca_UGS_gt1_zzb2_dup1_indel2_clu0_tag1     0.00%    passed     99.95%
 104  AC0144-Cb_UGS_gt1_zzb2_dup1_indel2_clu0_tag1     0.00%    passed     99.95%
 105  AC0145-Ca_UGS_gt0_zzb1_dup1_indel1_clu8_tag0     0.00%    passed     93.40%
 106  AC0145-Cb_UGS_gt1_zzb1_dup1_indel1_clu0_tag1     0.00%    passed     99.95%
 107  AC0147-Ca_UGS_gt1_zzb1_dup0_indel1_clu0_tag1     0.00%    passed     99.95%
 108  AC0147-Cb_UGS_gt0_zzb1_dup0_indel1_clu1_tag0     0.00%    passed     99.16%
 109  AC0148-Ca_UGS_gt1_zzb2_dup1_indel2_clu0_tag1     0.00%    passed     99.95%
 110  AC0148-Cb_UGS_gt1_zzb2_dup1_indel2_clu0_tag1     0.00%    passed     99.95%
 111  AC0149-Ca_UGS_gt0_zzb1_dup1_indel1_clu1_tag0     0.00%    passed     99.16%
 112  AC0149-Cb_UGS_gt1_zzb1_dup1_indel1_clu0_tag1     0.00%    passed     99.95%
 113  AC0150-Ca_UGS_gt0_zzb1_dup1_indel1_clu27_tag0    0.00%    passed     39.43%
 114  AC0150-Cb_UGS_gt0_zzb1_dup1_indel1_clu28_tag0    0.00%    passed     49.64%
 115  AC0151-Ca_UGS_gt0_zzb1_dup1_indel1_clu29_tag0    0.00%    passed     39.35%
 116  AC0151-Cb_UGS_gt1_zzb1_dup1_indel1_clu30_tag1    0.00%    passed     99.95%
 117  AC0152-Ca_UGS_gt1_zzb1_dup0_indel1_clu0_tag1     0.00%    passed     99.95%
 118  AC0152-Cb_UGS_gt0_zzb1_dup0_indel1_clu21_tag0    0.00%    passed     48.67%
 119  AC0153-Ca_UGS_gt0_zzb1_dup0_indel1_clu1_tag0     0.00%    passed     99.16%
 120  AC0153-Cb_UGS_gt1_zzb1_dup0_indel1_clu0_tag1     0.00%    passed     99.95%
 121  AC0154-Ca_UGS_gt0_zzb1_dup0_indel1_clu21_tag0    0.00%    passed     48.67%
 122  AC0154-Cb_UGS_gt0_zzb1_dup0_indel1_clu1_tag0     0.00%    passed     99.16%
 123  AC0156-Ca_UGS_gt0_zzb1_dup1_indel1_clu24_tag0    0.00%    passed     42.99%
 124  AC0156-Cb_UGS_gt1_zzb1_dup1_indel1_clu0_tag1     0.00%    passed     99.95%
 125  AC0158-Ca_UGS_gt0_zzb0_dup0_indel0_clu31_tag0    0.00%    passed     84.50%
 126  AC0158-Cb_UGS_gt0_zzb0_dup0_indel0_clu32_tag0    0.00%    passed     52.96%
 127  AC0159-Ca_UGS_gt1_zzb2_dup0_indel2_clu0_tag1     0.00%    passed     99.95%
 128  AC0159-Cb_UGS_gt1_zzb2_dup0_indel2_clu19_tag1    0.00%    passed     99.95%
 129  AC0160-Ca_UGS_gt1_zzb1_dup1_indel1_clu0_tag1     0.00%    passed     99.95%
 130  AC0160-Cb_UGS_gt0_zzb1_dup1_indel1_clu21_tag0    0.00%    passed     48.67%
 131  AC0161-Ca_UGS_gt0_zzb1_dup0_indel1_clu33_tag0    0.00%    passed     86.37%
 132  AC0161-Cb_UGS_gt1_zzb1_dup0_indel1_clu0_tag1     0.00%    passed     99.95%
 133  AC0162-Ca_UGS_gt0_zzb1_dup1_indel1_clu34_tag0    0.00%    passed     81.63%
 134  AC0162-Cb_UGS_gt1_zzb1_dup1_indel1_clu0_tag1     0.00%    passed     99.95%
 135  AC0163-Ca_UGS_gt1_zzb1_dup1_indel1_clu0_tag1     0.00%    passed     99.95%
 136  AC0163-Cb_UGS_gt0_zzb1_dup1_indel1_clu1_tag0     0.00%    passed     99.16%
 137  AC0164-Ca_UGS_gt0_zzb1_dup1_indel1_clu1_tag0     0.00%    passed     99.16%
 138  AC0164-Cb_UGS_gt1_zzb1_dup1_indel1_clu0_tag1     0.00%    passed     99.95%
 139  AC0166-Ca_UGS_gt1_zzb2_dup2_indel2_clu0_tag1     0.00%    passed     99.95%
 140  AC0166-Cb_UGS_gt1_zzb2_dup2_indel2_clu0_tag1     0.00%    passed     99.95%
 141  AC0167-Ca_UGS_gt0_zzb1_dup0_indel1_clu1_tag0     0.00%    passed     99.16%
 142  AC0167-Cb_UGS_gt1_zzb1_dup0_indel1_clu0_tag1     0.00%    passed     99.95%
 143  AC0168-Ca_UGS_gt1_zzb2_dup2_indel2_clu0_tag1     0.00%    passed     99.95%
 144  AC0168-Cb_UGS_gt1_zzb2_dup2_indel2_clu0_tag1     0.00%    passed     99.95%
 145  AC0169-Ca_UGS_gt0_zzb1_dup1_indel1_clu1_tag0     0.00%    passed     99.16%
 146  AC0169-Cb_UGS_gt0_zzb1_dup1_indel1_clu35_tag1    0.00%    passed     31.87%
 147  AC0170-Ca_UGS_gt0_zzb1_dup0_indel1_clu36_tag0    0.00%    passed     96.84%
 148  AC0170-Cb_UGS_gt1_zzb1_dup0_indel1_clu0_tag1     0.00%    passed     99.95%
 149  AC0171-Ca_UGS_gt1_zzb2_dup2_indel2_clu0_tag1     0.00%    passed     99.95%
 150  AC0171-Cb_UGS_gt1_zzb2_dup2_indel2_clu0_tag1     0.00%    passed     99.95%
 151  AC0172-Ca_UGS_gt1_zzb2_dup1_indel2_clu0_tag1     0.00%    passed     99.95%
 152  AC0172-Cb_UGS_gt1_zzb2_dup1_indel2_clu0_tag1     0.00%    passed     99.95%
 153  AC0173-Ca_UGS_gt1_zzb2_dup1_indel2_clu0_tag1     0.00%    passed     99.95%
 154  AC0173-Cb_UGS_gt1_zzb2_dup1_indel2_clu0_tag1     0.00%    passed     99.95%
 155  AC0174-Ca_UGS_gt1_zzb1_dup1_indel1_clu0_tag1     0.00%    passed     99.95%
 156  AC0174-Cb_UGS_gt0_zzb1_dup1_indel1_clu33_tag0    0.00%    passed     86.37%
 157  AC0176-Ca_UGS_gt1_zzb1_dup0_indel1_clu0_tag1     0.00%    passed     99.95%
 158  AC0176-Cb_UGS_gt0_zzb1_dup0_indel1_clu21_tag0    0.00%    passed     48.67%
 159  AC0178-Ca_UGS_gt0_zzb0_dup0_indel0_clu10_tag0    0.00%    passed     55.94%
 160  AC0178-Cb_UGS_gt0_zzb0_dup0_indel0_clu1_tag0     0.00%    passed     99.16%
 161  AC0179-Ca_UGS_gt0_zzb0_dup0_indel0_clu37_tag0    0.00%    passed     48.46%
 162  AC0179-Cb_UGS_gt0_zzb0_dup0_indel0_clu21_tag0    0.00%    passed     48.67%
 163  AC0180-Ca_UGS_gt0_zzb1_dup1_indel1_clu1_tag0     0.00%    passed     99.16%
 164  AC0180-Cb_UGS_gt1_zzb1_dup1_indel1_clu0_tag1     0.00%    passed     99.95%
 165  AC0181-Ca_UGS_gt1_zzb2_dup1_indel2_clu0_tag1     0.00%    passed     99.95%
 166  AC0181-Cb_UGS_gt1_zzb2_dup1_indel2_clu0_tag1     0.00%    passed     99.95%
 167  AC0182-Ca_UGS_gt0_zzb0_dup0_indel0_clu1_tag0     0.00%    passed     99.54%
 168  AC0182-Cb_UGS_gt0_zzb0_dup0_indel0_clu38_tag0    0.00%    passed     47.16%
 169  AC0183-Ca_UGS_gt1_zzb2_dup1_indel2_clu0_tag1     0.00%    passed     99.95%
 170  AC0183-Cb_UGS_gt1_zzb2_dup1_indel2_clu0_tag1     0.00%    passed     99.95%
 171  AC0184-Ca_UGS_gt0_zzb1_dup1_indel1_clu39_tag0    0.00%    passed     55.43%
 172  AC0184-Cb_UGS_gt1_zzb1_dup1_indel1_clu0_tag1     0.00%    passed     99.95%
 173  AC0186-Ca_UGS_gt0_zzb1_dup0_indel1_clu7_tag0     0.00%    passed     52.14%
 174  AC0186-Cb_UGS_gt1_zzb1_dup0_indel1_clu0_tag1     0.00%    passed     99.95%
 175  AC0187-Ca_UGS_gt1_zzb2_dup2_indel2_clu0_tag1     0.00%    passed     99.95%
 176  AC0187-Cb_UGS_gt1_zzb2_dup2_indel2_clu0_tag1     0.00%    passed     99.95%
 177  AC0188-Ca_UGS_gt1_zzb1_dup1_indel1_clu0_tag1     0.00%    passed     99.95%
 178  AC0188-Cb_UGS_gt0_zzb1_dup1_indel1_clu1_tag0     0.00%    passed     99.75%
 179  AC0189-Ca_UGS_gt1_zzb1_dup1_indel1_clu0_tag1     0.00%    passed     99.95%
 180  AC0189-Cb_UGS_gt0_zzb1_dup1_indel1_clu1_tag0     0.00%    passed     99.16%
 181  AC0190-Ca_UGS_gt1_zzb2_dup3_indel2_clu0_tag1     0.00%    passed     99.98%
 182  AC0190-Cb_UGS_gt1_zzb2_dup3_indel2_clu0_tag1     0.00%    passed     99.95%
 183  AC0191-Ca_UGS_gt1_zzb2_dup1_indel2_clu0_tag1     0.00%    passed     99.95%
 184  AC0191-Cb_UGS_gt1_zzb2_dup1_indel2_clu0_tag1     0.00%    passed     99.95%
 185  AC0192-Ca_UGS_gt0_zzb0_dup0_indel0_clu1_tag0     0.00%    passed     99.16%
 186  AC0192-Cb_UGS_gt0_zzb0_dup0_indel0_clu7_tag0     0.00%    passed     52.14%
 187  AC0193-Ca_UGS_gt1_zzb2_dup-1_indel2_clu0_tag1    0.00%    passed     99.95%
 188  AC0193-Cb_UGS_gt1_zzb2_dup-1_indel2_clu0_tag1    0.00%    passed     99.95%
 189  AC0194-Ca_UGS_gt0_zzb1_dup1_indel1_clu8_tag0     0.00%    passed     93.40%
 190  AC0194-Cb_UGS_gt1_zzb1_dup1_indel1_clu0_tag1     0.00%    passed     99.95%
 191  AC0195-Ca_UGS_gt1_zzb1_dup1_indel1_clu0_tag1     0.00%    passed     99.95%
 192  AC0195-Cb_UGS_gt0_zzb1_dup1_indel1_clu1_tag0     0.00%    passed     99.16%
 193  AC0196-Ca_UGS_gt1_zzb1_dup1_indel1_clu0_tag1     0.00%    passed     99.95%
 194  AC0196-Cb_UGS_gt0_zzb1_dup1_indel1_clu40_tag0    0.00%    passed     97.21%
 195  AC0197-Ca_UGS_gt1_zzb2_dup1_indel2_clu0_tag1     0.00%    passed     99.95%
 196  AC0197-Cb_UGS_gt1_zzb2_dup1_indel2_clu0_tag1     0.00%    passed     99.95%
 197  AC0199-Ca_UGS_gt1_zzb2_dup1_indel2_clu0_tag1     0.00%    passed     99.95%
 198  AC0199-Cb_UGS_gt1_zzb2_dup1_indel2_clu0_tag1     0.00%    passed     99.95%
 199  AC0200-Ca_UGS_gt0_zzb1_dup0_indel1_clu21_tag0    0.00%    passed     48.67%
 200  AC0200-Cb_UGS_gt1_zzb1_dup0_indel1_clu19_tag1    0.00%    passed     99.95%
 201  AC0201-Ca_UGS_gt0_zzb1_dup0_indel1_clu1_tag0     0.00%    passed     99.16%
 202  AC0201-Cb_UGS_gt1_zzb1_dup0_indel1_clu0_tag1     0.00%    passed     99.95%
 203  AC0202-Ca_UGS_gt1_zzb1_dup0_indel1_clu0_tag1     0.00%    passed     99.95%
 204  AC0202-Cb_UGS_gt0_zzb1_dup0_indel1_clu9_tag0     0.00%    passed     43.24%
 205  AC0203-Ca_UGS_gt1_zzb2_dup1_indel2_clu0_tag1     0.00%    passed     99.95%
 206  AC0203-Cb_UGS_gt1_zzb2_dup1_indel2_clu19_tag1    0.00%    passed     99.95%
****  TOTAL                                            0.00%  0 sequences failed composition chi2 test (p-value<5%; df=3)
NOTE: AC0090-Cb_UGS_gt1_zzb2_dup0_indel2_clu0_tag1 is identical to AC0090-Ca_UGS_gt1_zzb2_dup0_indel2_clu0_tag1 but kept for subsequent analysis
NOTE: AC0094-Ca_UGS_gt0_zzb1_dup0_indel1_clu1_tag0 is identical to AC0093-Cb_UGS_gt0_zzb1_dup1_indel1_clu1_tag0 but kept for subsequent analysis
NOTE: AC0120-Cb_UGS_gt0_zzb1_dup1_indel1_clu18_tag0 is identical to AC0104-Ca_UGS_gt0_zzb1_dup1_indel1_clu5_tag0 but kept for subsequent analysis
NOTE: AC0186-Ca_UGS_gt0_zzb1_dup0_indel1_clu7_tag0 is identical to AC0109-Ca_UGS_gt0_zzb0_dup0_indel0_clu7_tag0 but kept for subsequent analysis
NOTE: AC0133-Cb_UGS_gt0_zzb1_dup0_indel1_clu8_tag0 is identical to AC0112-Cb_UGS_gt0_zzb1_dup0_indel1_clu8_tag0 but kept for subsequent analysis
NOTE: AC0202-Cb_UGS_gt0_zzb1_dup0_indel1_clu9_tag0 is identical to AC0113-Cb_UGS_gt0_zzb1_dup1_indel1_clu9_tag0 but kept for subsequent analysis
NOTE: AC0178-Ca_UGS_gt0_zzb0_dup0_indel0_clu10_tag0 is identical to AC0114-Ca_UGS_gt0_zzb1_dup1_indel1_clu10_tag0 but kept for subsequent analysis
NOTE: AC0152-Cb_UGS_gt0_zzb1_dup0_indel1_clu21_tag0 is identical to AC0127-Cb_UGS_gt0_zzb0_dup0_indel0_clu21_tag0 but kept for subsequent analysis
NOTE: AC0156-Ca_UGS_gt0_zzb1_dup1_indel1_clu24_tag0 is identical to AC0135-Cb_UGS_gt0_zzb1_dup1_indel1_clu24_tag0 but kept for subsequent analysis
NOTE: AC0174-Cb_UGS_gt0_zzb1_dup1_indel1_clu33_tag0 is identical to AC0161-Ca_UGS_gt0_zzb1_dup0_indel1_clu33_tag0 but kept for subsequent analysis
NOTE: 157 identical sequences (see below) will be ignored for subsequent analysis
NOTE: AC0091-Ca_UGS_gt1_zzb2_dup0_indel2_clu0_tag1 (identical to AC0090-Ca_UGS_gt1_zzb2_dup0_indel2_clu0_tag1) is ignored but added at the end
NOTE: AC0091-Cb_UGS_gt1_zzb2_dup0_indel2_clu0_tag1 (identical to AC0090-Ca_UGS_gt1_zzb2_dup0_indel2_clu0_tag1) is ignored but added at the end
NOTE: AC0092-Ca_UGS_gt1_zzb2_dup2_indel2_clu0_tag1 (identical to AC0090-Ca_UGS_gt1_zzb2_dup0_indel2_clu0_tag1) is ignored but added at the end
NOTE: AC0092-Cb_UGS_gt1_zzb2_dup2_indel2_clu0_tag1 (identical to AC0090-Ca_UGS_gt1_zzb2_dup0_indel2_clu0_tag1) is ignored but added at the end
NOTE: AC0093-Ca_UGS_gt1_zzb1_dup1_indel1_clu0_tag1 (identical to AC0090-Ca_UGS_gt1_zzb2_dup0_indel2_clu0_tag1) is ignored but added at the end
NOTE: AC0094-Cb_UGS_gt1_zzb1_dup0_indel1_clu0_tag1 (identical to AC0090-Ca_UGS_gt1_zzb2_dup0_indel2_clu0_tag1) is ignored but added at the end
NOTE: AC0095-Ca_UGS_gt1_zzb2_dup2_indel2_clu0_tag1 (identical to AC0090-Ca_UGS_gt1_zzb2_dup0_indel2_clu0_tag1) is ignored but added at the end
NOTE: AC0095-Cb_UGS_gt1_zzb2_dup2_indel2_clu0_tag1 (identical to AC0090-Ca_UGS_gt1_zzb2_dup0_indel2_clu0_tag1) is ignored but added at the end
NOTE: AC0096-Cb_UGS_gt1_zzb1_dup0_indel1_clu0_tag1 (identical to AC0090-Ca_UGS_gt1_zzb2_dup0_indel2_clu0_tag1) is ignored but added at the end
NOTE: AC0097-Ca_UGS_gt1_zzb1_dup1_indel1_clu0_tag1 (identical to AC0090-Ca_UGS_gt1_zzb2_dup0_indel2_clu0_tag1) is ignored but added at the end
NOTE: AC0098-Ca_UGS_gt1_zzb2_dup1_indel2_clu0_tag1 (identical to AC0090-Ca_UGS_gt1_zzb2_dup0_indel2_clu0_tag1) is ignored but added at the end
NOTE: AC0099-Ca_UGS_gt1_zzb2_dup0_indel2_clu3_tag1 (identical to AC0090-Ca_UGS_gt1_zzb2_dup0_indel2_clu0_tag1) is ignored but added at the end
NOTE: AC0099-Cb_UGS_gt1_zzb2_dup0_indel2_clu4_tag1 (identical to AC0090-Ca_UGS_gt1_zzb2_dup0_indel2_clu0_tag1) is ignored but added at the end
NOTE: AC0100-Ca_UGS_gt1_zzb2_dup1_indel2_clu0_tag1 (identical to AC0090-Ca_UGS_gt1_zzb2_dup0_indel2_clu0_tag1) is ignored but added at the end
NOTE: AC0100-Cb_UGS_gt1_zzb2_dup1_indel2_clu0_tag1 (identical to AC0090-Ca_UGS_gt1_zzb2_dup0_indel2_clu0_tag1) is ignored but added at the end
NOTE: AC0101-Cb_UGS_gt1_zzb1_dup0_indel1_clu0_tag1 (identical to AC0090-Ca_UGS_gt1_zzb2_dup0_indel2_clu0_tag1) is ignored but added at the end
NOTE: AC0102-Cb_UGS_gt1_zzb1_dup1_indel1_clu0_tag1 (identical to AC0090-Ca_UGS_gt1_zzb2_dup0_indel2_clu0_tag1) is ignored but added at the end
NOTE: AC0103-Ca_UGS_gt1_zzb2_dup1_indel2_clu0_tag1 (identical to AC0090-Ca_UGS_gt1_zzb2_dup0_indel2_clu0_tag1) is ignored but added at the end
NOTE: AC0103-Cb_UGS_gt1_zzb2_dup1_indel2_clu0_tag1 (identical to AC0090-Ca_UGS_gt1_zzb2_dup0_indel2_clu0_tag1) is ignored but added at the end
NOTE: AC0104-Cb_UGS_gt1_zzb1_dup1_indel1_clu0_tag1 (identical to AC0090-Ca_UGS_gt1_zzb2_dup0_indel2_clu0_tag1) is ignored but added at the end
NOTE: AC0106-Ca_UGS_gt1_zzb1_dup0_indel1_clu0_tag1 (identical to AC0090-Ca_UGS_gt1_zzb2_dup0_indel2_clu0_tag1) is ignored but added at the end
NOTE: AC0107-Cb_UGS_gt1_zzb1_dup0_indel1_clu0_tag1 (identical to AC0090-Ca_UGS_gt1_zzb2_dup0_indel2_clu0_tag1) is ignored but added at the end
NOTE: AC0108-Cb_UGS_gt1_zzb2_dup1_indel2_clu0_tag1 (identical to AC0090-Ca_UGS_gt1_zzb2_dup0_indel2_clu0_tag1) is ignored but added at the end
NOTE: AC0110-Ca_UGS_gt1_zzb2_dup1_indel2_clu0_tag1 (identical to AC0090-Ca_UGS_gt1_zzb2_dup0_indel2_clu0_tag1) is ignored but added at the end
NOTE: AC0110-Cb_UGS_gt1_zzb2_dup1_indel2_clu0_tag1 (identical to AC0090-Ca_UGS_gt1_zzb2_dup0_indel2_clu0_tag1) is ignored but added at the end
NOTE: AC0111-Ca_UGS_gt1_zzb1_dup1_indel1_clu0_tag1 (identical to AC0090-Ca_UGS_gt1_zzb2_dup0_indel2_clu0_tag1) is ignored but added at the end
NOTE: AC0112-Ca_UGS_gt1_zzb1_dup0_indel1_clu0_tag1 (identical to AC0090-Ca_UGS_gt1_zzb2_dup0_indel2_clu0_tag1) is ignored but added at the end
NOTE: AC0113-Ca_UGS_gt1_zzb1_dup1_indel1_clu0_tag1 (identical to AC0090-Ca_UGS_gt1_zzb2_dup0_indel2_clu0_tag1) is ignored but added at the end
NOTE: AC0114-Cb_UGS_gt1_zzb1_dup1_indel1_clu0_tag1 (identical to AC0090-Ca_UGS_gt1_zzb2_dup0_indel2_clu0_tag1) is ignored but added at the end
NOTE: AC0115-Cb_UGS_gt1_zzb1_dup0_indel1_clu0_tag1 (identical to AC0090-Ca_UGS_gt1_zzb2_dup0_indel2_clu0_tag1) is ignored but added at the end
NOTE: AC0118-Ca_UGS_gt1_zzb1_dup1_indel1_clu0_tag1 (identical to AC0090-Ca_UGS_gt1_zzb2_dup0_indel2_clu0_tag1) is ignored but added at the end
NOTE: AC0119-Cb_UGS_gt1_zzb1_dup0_indel1_clu0_tag1 (identical to AC0090-Ca_UGS_gt1_zzb2_dup0_indel2_clu0_tag1) is ignored but added at the end
NOTE: AC0120-Ca_UGS_gt1_zzb1_dup1_indel1_clu17_tag1 (identical to AC0090-Ca_UGS_gt1_zzb2_dup0_indel2_clu0_tag1) is ignored but added at the end
NOTE: AC0121-Ca_UGS_gt1_zzb2_dup0_indel2_clu19_tag1 (identical to AC0090-Ca_UGS_gt1_zzb2_dup0_indel2_clu0_tag1) is ignored but added at the end
NOTE: AC0121-Cb_UGS_gt1_zzb2_dup0_indel2_clu0_tag1 (identical to AC0090-Ca_UGS_gt1_zzb2_dup0_indel2_clu0_tag1) is ignored but added at the end
NOTE: AC0123-Cb_UGS_gt1_zzb1_dup0_indel1_clu19_tag1 (identical to AC0090-Ca_UGS_gt1_zzb2_dup0_indel2_clu0_tag1) is ignored but added at the end
NOTE: AC0124-Cb_UGS_gt1_zzb1_dup1_indel1_clu0_tag1 (identical to AC0090-Ca_UGS_gt1_zzb2_dup0_indel2_clu0_tag1) is ignored but added at the end
NOTE: AC0125-Ca_UGS_gt1_zzb2_dup2_indel2_clu0_tag1 (identical to AC0090-Ca_UGS_gt1_zzb2_dup0_indel2_clu0_tag1) is ignored but added at the end
NOTE: AC0125-Cb_UGS_gt1_zzb2_dup2_indel2_clu0_tag1 (identical to AC0090-Ca_UGS_gt1_zzb2_dup0_indel2_clu0_tag1) is ignored but added at the end
NOTE: AC0126-Ca_UGS_gt1_zzb2_dup1_indel2_clu0_tag1 (identical to AC0090-Ca_UGS_gt1_zzb2_dup0_indel2_clu0_tag1) is ignored but added at the end
NOTE: AC0126-Cb_UGS_gt1_zzb2_dup1_indel2_clu0_tag1 (identical to AC0090-Ca_UGS_gt1_zzb2_dup0_indel2_clu0_tag1) is ignored but added at the end
NOTE: AC0128-Ca_UGS_gt1_zzb2_dup0_indel2_clu22_tag1 (identical to AC0090-Ca_UGS_gt1_zzb2_dup0_indel2_clu0_tag1) is ignored but added at the end
NOTE: AC0128-Cb_UGS_gt1_zzb2_dup0_indel2_clu0_tag1 (identical to AC0090-Ca_UGS_gt1_zzb2_dup0_indel2_clu0_tag1) is ignored but added at the end
NOTE: AC0129-Ca_UGS_gt1_zzb1_dup1_indel1_clu0_tag1 (identical to AC0090-Ca_UGS_gt1_zzb2_dup0_indel2_clu0_tag1) is ignored but added at the end
NOTE: AC0131-Cb_UGS_gt1_zzb1_dup0_indel1_clu0_tag1 (identical to AC0090-Ca_UGS_gt1_zzb2_dup0_indel2_clu0_tag1) is ignored but added at the end
NOTE: AC0132-Cb_UGS_gt1_zzb1_dup1_indel1_clu0_tag1 (identical to AC0090-Ca_UGS_gt1_zzb2_dup0_indel2_clu0_tag1) is ignored but added at the end
NOTE: AC0133-Ca_UGS_gt1_zzb1_dup0_indel1_clu0_tag1 (identical to AC0090-Ca_UGS_gt1_zzb2_dup0_indel2_clu0_tag1) is ignored but added at the end
NOTE: AC0135-Ca_UGS_gt1_zzb1_dup1_indel1_clu0_tag1 (identical to AC0090-Ca_UGS_gt1_zzb2_dup0_indel2_clu0_tag1) is ignored but added at the end
NOTE: AC0136-Ca_UGS_gt1_zzb2_dup1_indel2_clu0_tag1 (identical to AC0090-Ca_UGS_gt1_zzb2_dup0_indel2_clu0_tag1) is ignored but added at the end
NOTE: AC0136-Cb_UGS_gt1_zzb2_dup1_indel2_clu0_tag1 (identical to AC0090-Ca_UGS_gt1_zzb2_dup0_indel2_clu0_tag1) is ignored but added at the end
NOTE: AC0138-Ca_UGS_gt1_zzb2_dup1_indel2_clu0_tag1 (identical to AC0090-Ca_UGS_gt1_zzb2_dup0_indel2_clu0_tag1) is ignored but added at the end
NOTE: AC0138-Cb_UGS_gt1_zzb2_dup1_indel2_clu0_tag1 (identical to AC0090-Ca_UGS_gt1_zzb2_dup0_indel2_clu0_tag1) is ignored but added at the end
NOTE: AC0139-Ca_UGS_gt1_zzb2_dup1_indel2_clu0_tag1 (identical to AC0090-Ca_UGS_gt1_zzb2_dup0_indel2_clu0_tag1) is ignored but added at the end
NOTE: AC0139-Cb_UGS_gt1_zzb2_dup1_indel2_clu0_tag1 (identical to AC0090-Ca_UGS_gt1_zzb2_dup0_indel2_clu0_tag1) is ignored but added at the end
NOTE: AC0142-Ca_UGS_gt1_zzb2_dup1_indel2_clu0_tag1 (identical to AC0090-Ca_UGS_gt1_zzb2_dup0_indel2_clu0_tag1) is ignored but added at the end
NOTE: AC0142-Cb_UGS_gt1_zzb2_dup1_indel2_clu0_tag1 (identical to AC0090-Ca_UGS_gt1_zzb2_dup0_indel2_clu0_tag1) is ignored but added at the end
NOTE: AC0143-Ca_UGS_gt1_zzb2_dup1_indel2_clu0_tag1 (identical to AC0090-Ca_UGS_gt1_zzb2_dup0_indel2_clu0_tag1) is ignored but added at the end
NOTE: AC0143-Cb_UGS_gt1_zzb2_dup1_indel2_clu0_tag1 (identical to AC0090-Ca_UGS_gt1_zzb2_dup0_indel2_clu0_tag1) is ignored but added at the end
NOTE: AC0144-Ca_UGS_gt1_zzb2_dup1_indel2_clu0_tag1 (identical to AC0090-Ca_UGS_gt1_zzb2_dup0_indel2_clu0_tag1) is ignored but added at the end
NOTE: AC0144-Cb_UGS_gt1_zzb2_dup1_indel2_clu0_tag1 (identical to AC0090-Ca_UGS_gt1_zzb2_dup0_indel2_clu0_tag1) is ignored but added at the end
NOTE: AC0145-Cb_UGS_gt1_zzb1_dup1_indel1_clu0_tag1 (identical to AC0090-Ca_UGS_gt1_zzb2_dup0_indel2_clu0_tag1) is ignored but added at the end
NOTE: AC0147-Ca_UGS_gt1_zzb1_dup0_indel1_clu0_tag1 (identical to AC0090-Ca_UGS_gt1_zzb2_dup0_indel2_clu0_tag1) is ignored but added at the end
NOTE: AC0148-Ca_UGS_gt1_zzb2_dup1_indel2_clu0_tag1 (identical to AC0090-Ca_UGS_gt1_zzb2_dup0_indel2_clu0_tag1) is ignored but added at the end
NOTE: AC0148-Cb_UGS_gt1_zzb2_dup1_indel2_clu0_tag1 (identical to AC0090-Ca_UGS_gt1_zzb2_dup0_indel2_clu0_tag1) is ignored but added at the end
NOTE: AC0149-Cb_UGS_gt1_zzb1_dup1_indel1_clu0_tag1 (identical to AC0090-Ca_UGS_gt1_zzb2_dup0_indel2_clu0_tag1) is ignored but added at the end
NOTE: AC0151-Cb_UGS_gt1_zzb1_dup1_indel1_clu30_tag1 (identical to AC0090-Ca_UGS_gt1_zzb2_dup0_indel2_clu0_tag1) is ignored but added at the end
NOTE: AC0152-Ca_UGS_gt1_zzb1_dup0_indel1_clu0_tag1 (identical to AC0090-Ca_UGS_gt1_zzb2_dup0_indel2_clu0_tag1) is ignored but added at the end
NOTE: AC0153-Cb_UGS_gt1_zzb1_dup0_indel1_clu0_tag1 (identical to AC0090-Ca_UGS_gt1_zzb2_dup0_indel2_clu0_tag1) is ignored but added at the end
NOTE: AC0156-Cb_UGS_gt1_zzb1_dup1_indel1_clu0_tag1 (identical to AC0090-Ca_UGS_gt1_zzb2_dup0_indel2_clu0_tag1) is ignored but added at the end
NOTE: AC0159-Ca_UGS_gt1_zzb2_dup0_indel2_clu0_tag1 (identical to AC0090-Ca_UGS_gt1_zzb2_dup0_indel2_clu0_tag1) is ignored but added at the end
NOTE: AC0159-Cb_UGS_gt1_zzb2_dup0_indel2_clu19_tag1 (identical to AC0090-Ca_UGS_gt1_zzb2_dup0_indel2_clu0_tag1) is ignored but added at the end
NOTE: AC0160-Ca_UGS_gt1_zzb1_dup1_indel1_clu0_tag1 (identical to AC0090-Ca_UGS_gt1_zzb2_dup0_indel2_clu0_tag1) is ignored but added at the end
NOTE: AC0161-Cb_UGS_gt1_zzb1_dup0_indel1_clu0_tag1 (identical to AC0090-Ca_UGS_gt1_zzb2_dup0_indel2_clu0_tag1) is ignored but added at the end
NOTE: AC0162-Cb_UGS_gt1_zzb1_dup1_indel1_clu0_tag1 (identical to AC0090-Ca_UGS_gt1_zzb2_dup0_indel2_clu0_tag1) is ignored but added at the end
NOTE: AC0163-Ca_UGS_gt1_zzb1_dup1_indel1_clu0_tag1 (identical to AC0090-Ca_UGS_gt1_zzb2_dup0_indel2_clu0_tag1) is ignored but added at the end
NOTE: AC0164-Cb_UGS_gt1_zzb1_dup1_indel1_clu0_tag1 (identical to AC0090-Ca_UGS_gt1_zzb2_dup0_indel2_clu0_tag1) is ignored but added at the end
NOTE: AC0166-Ca_UGS_gt1_zzb2_dup2_indel2_clu0_tag1 (identical to AC0090-Ca_UGS_gt1_zzb2_dup0_indel2_clu0_tag1) is ignored but added at the end
NOTE: AC0166-Cb_UGS_gt1_zzb2_dup2_indel2_clu0_tag1 (identical to AC0090-Ca_UGS_gt1_zzb2_dup0_indel2_clu0_tag1) is ignored but added at the end
NOTE: AC0167-Cb_UGS_gt1_zzb1_dup0_indel1_clu0_tag1 (identical to AC0090-Ca_UGS_gt1_zzb2_dup0_indel2_clu0_tag1) is ignored but added at the end
NOTE: AC0168-Ca_UGS_gt1_zzb2_dup2_indel2_clu0_tag1 (identical to AC0090-Ca_UGS_gt1_zzb2_dup0_indel2_clu0_tag1) is ignored but added at the end
NOTE: AC0168-Cb_UGS_gt1_zzb2_dup2_indel2_clu0_tag1 (identical to AC0090-Ca_UGS_gt1_zzb2_dup0_indel2_clu0_tag1) is ignored but added at the end
NOTE: AC0170-Cb_UGS_gt1_zzb1_dup0_indel1_clu0_tag1 (identical to AC0090-Ca_UGS_gt1_zzb2_dup0_indel2_clu0_tag1) is ignored but added at the end
NOTE: AC0171-Ca_UGS_gt1_zzb2_dup2_indel2_clu0_tag1 (identical to AC0090-Ca_UGS_gt1_zzb2_dup0_indel2_clu0_tag1) is ignored but added at the end
NOTE: AC0171-Cb_UGS_gt1_zzb2_dup2_indel2_clu0_tag1 (identical to AC0090-Ca_UGS_gt1_zzb2_dup0_indel2_clu0_tag1) is ignored but added at the end
NOTE: AC0172-Ca_UGS_gt1_zzb2_dup1_indel2_clu0_tag1 (identical to AC0090-Ca_UGS_gt1_zzb2_dup0_indel2_clu0_tag1) is ignored but added at the end
NOTE: AC0172-Cb_UGS_gt1_zzb2_dup1_indel2_clu0_tag1 (identical to AC0090-Ca_UGS_gt1_zzb2_dup0_indel2_clu0_tag1) is ignored but added at the end
NOTE: AC0173-Ca_UGS_gt1_zzb2_dup1_indel2_clu0_tag1 (identical to AC0090-Ca_UGS_gt1_zzb2_dup0_indel2_clu0_tag1) is ignored but added at the end
NOTE: AC0173-Cb_UGS_gt1_zzb2_dup1_indel2_clu0_tag1 (identical to AC0090-Ca_UGS_gt1_zzb2_dup0_indel2_clu0_tag1) is ignored but added at the end
NOTE: AC0174-Ca_UGS_gt1_zzb1_dup1_indel1_clu0_tag1 (identical to AC0090-Ca_UGS_gt1_zzb2_dup0_indel2_clu0_tag1) is ignored but added at the end
NOTE: AC0176-Ca_UGS_gt1_zzb1_dup0_indel1_clu0_tag1 (identical to AC0090-Ca_UGS_gt1_zzb2_dup0_indel2_clu0_tag1) is ignored but added at the end
NOTE: AC0180-Cb_UGS_gt1_zzb1_dup1_indel1_clu0_tag1 (identical to AC0090-Ca_UGS_gt1_zzb2_dup0_indel2_clu0_tag1) is ignored but added at the end
NOTE: AC0181-Ca_UGS_gt1_zzb2_dup1_indel2_clu0_tag1 (identical to AC0090-Ca_UGS_gt1_zzb2_dup0_indel2_clu0_tag1) is ignored but added at the end
NOTE: AC0181-Cb_UGS_gt1_zzb2_dup1_indel2_clu0_tag1 (identical to AC0090-Ca_UGS_gt1_zzb2_dup0_indel2_clu0_tag1) is ignored but added at the end
NOTE: AC0183-Ca_UGS_gt1_zzb2_dup1_indel2_clu0_tag1 (identical to AC0090-Ca_UGS_gt1_zzb2_dup0_indel2_clu0_tag1) is ignored but added at the end
NOTE: AC0183-Cb_UGS_gt1_zzb2_dup1_indel2_clu0_tag1 (identical to AC0090-Ca_UGS_gt1_zzb2_dup0_indel2_clu0_tag1) is ignored but added at the end
NOTE: AC0184-Cb_UGS_gt1_zzb1_dup1_indel1_clu0_tag1 (identical to AC0090-Ca_UGS_gt1_zzb2_dup0_indel2_clu0_tag1) is ignored but added at the end
NOTE: AC0186-Cb_UGS_gt1_zzb1_dup0_indel1_clu0_tag1 (identical to AC0090-Ca_UGS_gt1_zzb2_dup0_indel2_clu0_tag1) is ignored but added at the end
NOTE: AC0187-Ca_UGS_gt1_zzb2_dup2_indel2_clu0_tag1 (identical to AC0090-Ca_UGS_gt1_zzb2_dup0_indel2_clu0_tag1) is ignored but added at the end
NOTE: AC0187-Cb_UGS_gt1_zzb2_dup2_indel2_clu0_tag1 (identical to AC0090-Ca_UGS_gt1_zzb2_dup0_indel2_clu0_tag1) is ignored but added at the end
NOTE: AC0188-Ca_UGS_gt1_zzb1_dup1_indel1_clu0_tag1 (identical to AC0090-Ca_UGS_gt1_zzb2_dup0_indel2_clu0_tag1) is ignored but added at the end
NOTE: AC0189-Ca_UGS_gt1_zzb1_dup1_indel1_clu0_tag1 (identical to AC0090-Ca_UGS_gt1_zzb2_dup0_indel2_clu0_tag1) is ignored but added at the end
NOTE: AC0190-Cb_UGS_gt1_zzb2_dup3_indel2_clu0_tag1 (identical to AC0090-Ca_UGS_gt1_zzb2_dup0_indel2_clu0_tag1) is ignored but added at the end
NOTE: AC0191-Ca_UGS_gt1_zzb2_dup1_indel2_clu0_tag1 (identical to AC0090-Ca_UGS_gt1_zzb2_dup0_indel2_clu0_tag1) is ignored but added at the end
NOTE: AC0191-Cb_UGS_gt1_zzb2_dup1_indel2_clu0_tag1 (identical to AC0090-Ca_UGS_gt1_zzb2_dup0_indel2_clu0_tag1) is ignored but added at the end
NOTE: AC0193-Ca_UGS_gt1_zzb2_dup-1_indel2_clu0_tag1 (identical to AC0090-Ca_UGS_gt1_zzb2_dup0_indel2_clu0_tag1) is ignored but added at the end
NOTE: AC0193-Cb_UGS_gt1_zzb2_dup-1_indel2_clu0_tag1 (identical to AC0090-Ca_UGS_gt1_zzb2_dup0_indel2_clu0_tag1) is ignored but added at the end
NOTE: AC0194-Cb_UGS_gt1_zzb1_dup1_indel1_clu0_tag1 (identical to AC0090-Ca_UGS_gt1_zzb2_dup0_indel2_clu0_tag1) is ignored but added at the end
NOTE: AC0195-Ca_UGS_gt1_zzb1_dup1_indel1_clu0_tag1 (identical to AC0090-Ca_UGS_gt1_zzb2_dup0_indel2_clu0_tag1) is ignored but added at the end
NOTE: AC0196-Ca_UGS_gt1_zzb1_dup1_indel1_clu0_tag1 (identical to AC0090-Ca_UGS_gt1_zzb2_dup0_indel2_clu0_tag1) is ignored but added at the end
NOTE: AC0197-Ca_UGS_gt1_zzb2_dup1_indel2_clu0_tag1 (identical to AC0090-Ca_UGS_gt1_zzb2_dup0_indel2_clu0_tag1) is ignored but added at the end
NOTE: AC0197-Cb_UGS_gt1_zzb2_dup1_indel2_clu0_tag1 (identical to AC0090-Ca_UGS_gt1_zzb2_dup0_indel2_clu0_tag1) is ignored but added at the end
NOTE: AC0199-Ca_UGS_gt1_zzb2_dup1_indel2_clu0_tag1 (identical to AC0090-Ca_UGS_gt1_zzb2_dup0_indel2_clu0_tag1) is ignored but added at the end
NOTE: AC0199-Cb_UGS_gt1_zzb2_dup1_indel2_clu0_tag1 (identical to AC0090-Ca_UGS_gt1_zzb2_dup0_indel2_clu0_tag1) is ignored but added at the end
NOTE: AC0200-Cb_UGS_gt1_zzb1_dup0_indel1_clu19_tag1 (identical to AC0090-Ca_UGS_gt1_zzb2_dup0_indel2_clu0_tag1) is ignored but added at the end
NOTE: AC0201-Cb_UGS_gt1_zzb1_dup0_indel1_clu0_tag1 (identical to AC0090-Ca_UGS_gt1_zzb2_dup0_indel2_clu0_tag1) is ignored but added at the end
NOTE: AC0202-Ca_UGS_gt1_zzb1_dup0_indel1_clu0_tag1 (identical to AC0090-Ca_UGS_gt1_zzb2_dup0_indel2_clu0_tag1) is ignored but added at the end
NOTE: AC0203-Ca_UGS_gt1_zzb2_dup1_indel2_clu0_tag1 (identical to AC0090-Ca_UGS_gt1_zzb2_dup0_indel2_clu0_tag1) is ignored but added at the end
NOTE: AC0203-Cb_UGS_gt1_zzb2_dup1_indel2_clu19_tag1 (identical to AC0090-Ca_UGS_gt1_zzb2_dup0_indel2_clu0_tag1) is ignored but added at the end
NOTE: AC0096-Ca_UGS_gt0_zzb1_dup0_indel1_clu1_tag0 (identical to AC0093-Cb_UGS_gt0_zzb1_dup1_indel1_clu1_tag0) is ignored but added at the end
NOTE: AC0101-Ca_UGS_gt0_zzb1_dup0_indel1_clu1_tag0 (identical to AC0093-Cb_UGS_gt0_zzb1_dup1_indel1_clu1_tag0) is ignored but added at the end
NOTE: AC0102-Ca_UGS_gt0_zzb1_dup1_indel1_clu1_tag0 (identical to AC0093-Cb_UGS_gt0_zzb1_dup1_indel1_clu1_tag0) is ignored but added at the end
NOTE: AC0106-Cb_UGS_gt0_zzb1_dup0_indel1_clu1_tag0 (identical to AC0093-Cb_UGS_gt0_zzb1_dup1_indel1_clu1_tag0) is ignored but added at the end
NOTE: AC0107-Ca_UGS_gt0_zzb1_dup0_indel1_clu1_tag0 (identical to AC0093-Cb_UGS_gt0_zzb1_dup1_indel1_clu1_tag0) is ignored but added at the end
NOTE: AC0109-Cb_UGS_gt0_zzb0_dup0_indel0_clu1_tag0 (identical to AC0093-Cb_UGS_gt0_zzb1_dup1_indel1_clu1_tag0) is ignored but added at the end
NOTE: AC0111-Cb_UGS_gt0_zzb1_dup1_indel1_clu1_tag0 (identical to AC0093-Cb_UGS_gt0_zzb1_dup1_indel1_clu1_tag0) is ignored but added at the end
NOTE: AC0116-Cb_UGS_gt0_zzb1_dup0_indel1_clu13_tag0 (identical to AC0093-Cb_UGS_gt0_zzb1_dup1_indel1_clu1_tag0) is ignored but added at the end
NOTE: AC0122-Ca_UGS_gt0_zzb1_dup0_indel1_clu1_tag0 (identical to AC0093-Cb_UGS_gt0_zzb1_dup1_indel1_clu1_tag0) is ignored but added at the end
NOTE: AC0123-Ca_UGS_gt0_zzb1_dup0_indel1_clu1_tag0 (identical to AC0093-Cb_UGS_gt0_zzb1_dup1_indel1_clu1_tag0) is ignored but added at the end
NOTE: AC0124-Ca_UGS_gt0_zzb1_dup1_indel1_clu1_tag0 (identical to AC0093-Cb_UGS_gt0_zzb1_dup1_indel1_clu1_tag0) is ignored but added at the end
NOTE: AC0127-Ca_UGS_gt0_zzb0_dup0_indel0_clu1_tag0 (identical to AC0093-Cb_UGS_gt0_zzb1_dup1_indel1_clu1_tag0) is ignored but added at the end
NOTE: AC0129-Cb_UGS_gt0_zzb1_dup1_indel1_clu1_tag0 (identical to AC0093-Cb_UGS_gt0_zzb1_dup1_indel1_clu1_tag0) is ignored but added at the end
NOTE: AC0130-Ca_UGS_gt0_zzb0_dup0_indel0_clu1_tag0 (identical to AC0093-Cb_UGS_gt0_zzb1_dup1_indel1_clu1_tag0) is ignored but added at the end
NOTE: AC0131-Ca_UGS_gt0_zzb1_dup0_indel1_clu1_tag0 (identical to AC0093-Cb_UGS_gt0_zzb1_dup1_indel1_clu1_tag0) is ignored but added at the end
NOTE: AC0132-Ca_UGS_gt0_zzb1_dup1_indel1_clu1_tag0 (identical to AC0093-Cb_UGS_gt0_zzb1_dup1_indel1_clu1_tag0) is ignored but added at the end
NOTE: AC0140-Ca_UGS_gt0_zzb1_dup2_indel1_clu1_tag0 (identical to AC0093-Cb_UGS_gt0_zzb1_dup1_indel1_clu1_tag0) is ignored but added at the end
NOTE: AC0147-Cb_UGS_gt0_zzb1_dup0_indel1_clu1_tag0 (identical to AC0093-Cb_UGS_gt0_zzb1_dup1_indel1_clu1_tag0) is ignored but added at the end
NOTE: AC0149-Ca_UGS_gt0_zzb1_dup1_indel1_clu1_tag0 (identical to AC0093-Cb_UGS_gt0_zzb1_dup1_indel1_clu1_tag0) is ignored but added at the end
NOTE: AC0153-Ca_UGS_gt0_zzb1_dup0_indel1_clu1_tag0 (identical to AC0093-Cb_UGS_gt0_zzb1_dup1_indel1_clu1_tag0) is ignored but added at the end
NOTE: AC0154-Cb_UGS_gt0_zzb1_dup0_indel1_clu1_tag0 (identical to AC0093-Cb_UGS_gt0_zzb1_dup1_indel1_clu1_tag0) is ignored but added at the end
NOTE: AC0163-Cb_UGS_gt0_zzb1_dup1_indel1_clu1_tag0 (identical to AC0093-Cb_UGS_gt0_zzb1_dup1_indel1_clu1_tag0) is ignored but added at the end
NOTE: AC0164-Ca_UGS_gt0_zzb1_dup1_indel1_clu1_tag0 (identical to AC0093-Cb_UGS_gt0_zzb1_dup1_indel1_clu1_tag0) is ignored but added at the end
NOTE: AC0167-Ca_UGS_gt0_zzb1_dup0_indel1_clu1_tag0 (identical to AC0093-Cb_UGS_gt0_zzb1_dup1_indel1_clu1_tag0) is ignored but added at the end
NOTE: AC0169-Ca_UGS_gt0_zzb1_dup1_indel1_clu1_tag0 (identical to AC0093-Cb_UGS_gt0_zzb1_dup1_indel1_clu1_tag0) is ignored but added at the end
NOTE: AC0178-Cb_UGS_gt0_zzb0_dup0_indel0_clu1_tag0 (identical to AC0093-Cb_UGS_gt0_zzb1_dup1_indel1_clu1_tag0) is ignored but added at the end
NOTE: AC0180-Ca_UGS_gt0_zzb1_dup1_indel1_clu1_tag0 (identical to AC0093-Cb_UGS_gt0_zzb1_dup1_indel1_clu1_tag0) is ignored but added at the end
NOTE: AC0189-Cb_UGS_gt0_zzb1_dup1_indel1_clu1_tag0 (identical to AC0093-Cb_UGS_gt0_zzb1_dup1_indel1_clu1_tag0) is ignored but added at the end
NOTE: AC0192-Ca_UGS_gt0_zzb0_dup0_indel0_clu1_tag0 (identical to AC0093-Cb_UGS_gt0_zzb1_dup1_indel1_clu1_tag0) is ignored but added at the end
NOTE: AC0195-Cb_UGS_gt0_zzb1_dup1_indel1_clu1_tag0 (identical to AC0093-Cb_UGS_gt0_zzb1_dup1_indel1_clu1_tag0) is ignored but added at the end
NOTE: AC0201-Ca_UGS_gt0_zzb1_dup0_indel1_clu1_tag0 (identical to AC0093-Cb_UGS_gt0_zzb1_dup1_indel1_clu1_tag0) is ignored but added at the end
NOTE: AC0192-Cb_UGS_gt0_zzb0_dup0_indel0_clu7_tag0 (identical to AC0109-Ca_UGS_gt0_zzb0_dup0_indel0_clu7_tag0) is ignored but added at the end
NOTE: AC0145-Ca_UGS_gt0_zzb1_dup1_indel1_clu8_tag0 (identical to AC0112-Cb_UGS_gt0_zzb1_dup0_indel1_clu8_tag0) is ignored but added at the end
NOTE: AC0194-Ca_UGS_gt0_zzb1_dup1_indel1_clu8_tag0 (identical to AC0112-Cb_UGS_gt0_zzb1_dup0_indel1_clu8_tag0) is ignored but added at the end
NOTE: AC0154-Ca_UGS_gt0_zzb1_dup0_indel1_clu21_tag0 (identical to AC0127-Cb_UGS_gt0_zzb0_dup0_indel0_clu21_tag0) is ignored but added at the end
NOTE: AC0160-Cb_UGS_gt0_zzb1_dup1_indel1_clu21_tag0 (identical to AC0127-Cb_UGS_gt0_zzb0_dup0_indel0_clu21_tag0) is ignored but added at the end
NOTE: AC0176-Cb_UGS_gt0_zzb1_dup0_indel1_clu21_tag0 (identical to AC0127-Cb_UGS_gt0_zzb0_dup0_indel0_clu21_tag0) is ignored but added at the end
NOTE: AC0179-Cb_UGS_gt0_zzb0_dup0_indel0_clu21_tag0 (identical to AC0127-Cb_UGS_gt0_zzb0_dup0_indel0_clu21_tag0) is ignored but added at the end
NOTE: AC0200-Ca_UGS_gt0_zzb1_dup0_indel1_clu21_tag0 (identical to AC0127-Cb_UGS_gt0_zzb0_dup0_indel0_clu21_tag0) is ignored but added at the end

For your convenience alignment with unique sequences printed to iqr_corehap.uniqueseq.phy


Create initial parsimony tree by phylogenetic likelihood library (PLL)... 0.003 seconds
NOTE: ModelFinder requires 5 MB RAM!
ModelFinder will test 2 DNA models (sample size: 621) ...
 No. Model         -LnL         df  AIC          AICc         BIC
Ascertainment bias correction: 4 unobservable constant patterns
  1  GTR+F+ASC     9246.014     103 18698.027    18739.466    19154.454
Ascertainment bias correction: 4 unobservable constant patterns
  2  GTR+F+ASC+G4  9167.697     104 18543.394    18585.720    19004.253
Akaike Information Criterion:           GTR+F+ASC+G4
Corrected Akaike Information Criterion: GTR+F+ASC+G4
Bayesian Information Criterion:         GTR+F+ASC+G4
Best-fit model: GTR+F+ASC+G4 chosen according to BIC

All model information printed to iqr_corehap.model.gz
CPU time for ModelFinder: 0.702 seconds (0h:0m:0s)
Wall-clock time for ModelFinder: 0.179 seconds (0h:0m:0s)
Generating 1000 samples for ultrafast bootstrap (seed: 526842)...
Ascertainment bias correction: 4 unobservable constant patterns

NOTE: 5 MB RAM (0 GB) is required!
Estimate model parameters (epsilon = 0.100)
1. Initial log-likelihood: -9796.442
2. Current log-likelihood: -9173.296
3. Current log-likelihood: -9170.008
4. Current log-likelihood: -9168.478
5. Current log-likelihood: -9167.912
6. Current log-likelihood: -9167.722
Optimal log-likelihood: -9167.674
Rate parameters:  A-C: 0.69902  A-G: 4.60596  A-T: 2.90514  C-G: 0.44347  C-T: 4.33228  G-T: 1.00000
Base frequencies:  A: 0.188  C: 0.297  G: 0.309  T: 0.205
Gamma shape alpha: 1.670
Parameters optimization took 6 rounds (0.159 sec)
Computing ML distances based on estimated model parameters... 0.016 sec
Computing BIONJ tree...
0.001 seconds
Log-likelihood of BIONJ tree: -9177.188
--------------------------------------------------------------------
|             INITIALIZING CANDIDATE TREE SET                      |
--------------------------------------------------------------------
Generating 98 parsimony trees... 0.316 second
Computing log-likelihood of 98 initial trees ... 0.577 seconds
Current best score: -9101.986

Do NNI search on 20 best initial trees
Estimate model parameters (epsilon = 0.100)
BETTER TREE FOUND at iteration 1: -9090.404
UPDATE BEST LOG-LIKELIHOOD: -9090.397
Iteration 10 / LogL: -9106.100 / Time: 0h:0m:1s
Iteration 20 / LogL: -9098.477 / Time: 0h:0m:2s
Finish initializing candidate tree set (12)
Current best tree score: -9090.397 / CPU time: 2.101
Number of iterations: 20
--------------------------------------------------------------------
|               OPTIMIZING CANDIDATE TREE SET                      |
--------------------------------------------------------------------
UPDATE BEST LOG-LIKELIHOOD: -9090.396
Estimate model parameters (epsilon = 0.100)
BETTER TREE FOUND at iteration 24: -9087.452
Iteration 30 / LogL: -9095.179 / Time: 0h:0m:3s (0h:0m:9s left)
Estimate model parameters (epsilon = 0.100)
BETTER TREE FOUND at iteration 31: -9086.826
BETTER TREE FOUND at iteration 34: -9086.826
Iteration 40 / LogL: -9110.026 / Time: 0h:0m:3s (0h:0m:9s left)
Iteration 50 / LogL: -9086.827 / Time: 0h:0m:4s (0h:0m:7s left)
Log-likelihood cutoff on original alignment: -9136.198
UPDATE BEST LOG-LIKELIHOOD: -9086.826
UPDATE BEST LOG-LIKELIHOOD: -9086.826
Iteration 60 / LogL: -9160.584 / Time: 0h:0m:5s (0h:0m:6s left)
UPDATE BEST LOG-LIKELIHOOD: -9086.825
UPDATE BEST LOG-LIKELIHOOD: -9086.825
Iteration 70 / LogL: -9086.825 / Time: 0h:0m:6s (0h:0m:5s left)
Iteration 80 / LogL: -9171.473 / Time: 0h:0m:6s (0h:0m:4s left)
BETTER TREE FOUND at iteration 83: -9086.825
Iteration 90 / LogL: -9086.825 / Time: 0h:0m:7s (0h:0m:7s left)
UPDATE BEST LOG-LIKELIHOOD: -9086.825
UPDATE BEST LOG-LIKELIHOOD: -9086.824
UPDATE BEST LOG-LIKELIHOOD: -9086.824
UPDATE BEST LOG-LIKELIHOOD: -9086.824
Iteration 100 / LogL: -9086.928 / Time: 0h:0m:8s (0h:0m:6s left)
Log-likelihood cutoff on original alignment: -9136.198
NOTE: Bootstrap correlation coefficient of split occurrence frequencies: 0.999
Iteration 110 / LogL: -9086.825 / Time: 0h:0m:9s (0h:0m:7s left)
Iteration 120 / LogL: -9086.825 / Time: 0h:0m:9s (0h:0m:6s left)
Iteration 130 / LogL: -9090.600 / Time: 0h:0m:10s (0h:0m:5s left)
UPDATE BEST LOG-LIKELIHOOD: -9086.824
Iteration 140 / LogL: -9086.824 / Time: 0h:0m:11s (0h:0m:4s left)
Iteration 150 / LogL: -9086.824 / Time: 0h:0m:12s (0h:0m:4s left)
Log-likelihood cutoff on original alignment: -9136.981
Iteration 160 / LogL: -9086.824 / Time: 0h:0m:12s (0h:0m:3s left)
Iteration 170 / LogL: -9100.024 / Time: 0h:0m:13s (0h:0m:2s left)
Iteration 180 / LogL: -9136.218 / Time: 0h:0m:14s (0h:0m:1s left)
TREE SEARCH COMPLETED AFTER 184 ITERATIONS / Time: 0h:0m:14s

--------------------------------------------------------------------
|                    FINALIZING TREE SEARCH                        |
--------------------------------------------------------------------
Performs final model parameters optimization
Estimate model parameters (epsilon = 0.010)
1. Initial log-likelihood: -9086.824
Optimal log-likelihood: -9086.823
Rate parameters:  A-C: 0.67954  A-G: 4.41607  A-T: 2.60248  C-G: 0.45317  C-T: 4.13065  G-T: 1.00000
Base frequencies:  A: 0.188  C: 0.297  G: 0.309  T: 0.205
Gamma shape alpha: 1.578
Parameters optimization took 1 rounds (0.013 sec)
BEST SCORE FOUND : -9086.823
Creating bootstrap support values...
Split supports printed to NEXUS file iqr_corehap.splits.nex
Total tree length: 3.090

Total number of iterations: 184
CPU time used for tree search: 57.583 sec (0h:0m:57s)
Wall-clock time used for tree search: 14.554 sec (0h:0m:14s)
Total CPU time used: 58.706 sec (0h:0m:58s)
Total wall-clock time used: 14.836 sec (0h:0m:14s)

Computing bootstrap consensus tree...
Reading input file iqr_corehap.splits.nex...
49 taxa and 296 splits.
Consensus tree written to iqr_corehap.contree
Reading input trees file iqr_corehap.contree
Log-likelihood of consensus tree: -9096.587

Analysis results written to: 
  IQ-TREE report:                iqr_corehap.iqtree
  Maximum-likelihood tree:       iqr_corehap.treefile
  Likelihood distances:          iqr_corehap.mldist

Ultrafast bootstrap approximation results written to:
  Split support values:          iqr_corehap.splits.nex
  Consensus tree:                iqr_corehap.contree
  Screen log file:               iqr_corehap.log

Date and Time: Wed Sep 25 14:49:02 2019
